<?xml version="1.0" encoding="UTF-8"?>
<!-- Generated by org.testng.reporters.JUnitXMLReporter -->
<testsuite hostname="Veenas-MacBook-Pro-2.local" ignored="0" name="Default test(failed)" tests="1" failures="0" timestamp="30 Mar 2018 11:05:35 GMT" time="7.351" errors="0">
  <testcase name="@AfterMethod getResult" time="0.003" classname="base.Base">
    <failure type="java.lang.NullPointerException">
      <![CDATA[java.lang.NullPointerException
at base.Base.getResult(Base.java:83)
... Removed 28 stack frames]]>
    </failure>
  </testcase> <!-- @AfterMethod getResult -->
  <testcase name="@AfterClass tearDown" time="0.0" classname="tests.SearchItemTest">
    <skipped/>
  </testcase> <!-- @AfterClass tearDown -->
  <testcase name="verifySearchItem" time="3.593" classname="tests.SearchItemTest"/>
</testsuite> <!-- Default test(failed) -->
