<?xml version="1.0" encoding="UTF-8"?>
<!-- Generated by org.testng.reporters.JUnitXMLReporter -->
<testsuite hostname="Veenas-MacBook-Pro-2.local" ignored="0" name="Log on Related Test Cases" tests="3" failures="0" timestamp="01 Apr 2018 06:13:58 GMT" time="21.066" errors="0">
  <testcase name="successfulLogOn" time="4.423" classname="tests.LogOnTest"/>
  <testcase name="invalidUserName" time="2.294" classname="tests.LogOnTest"/>
  <testcase name="invalidPassword" time="3.209" classname="tests.LogOnTest"/>
</testsuite> <!-- Log on Related Test Cases -->
