<?xml version="1.0" encoding="UTF-8"?>
<!-- Generated by org.testng.reporters.JUnitXMLReporter -->
<testsuite hostname="Veenas-MacBook-Pro-2.local" ignored="2" name="Test" tests="1" failures="0" timestamp="01 Apr 2018 06:05:49 GMT" time="7.361" errors="0">
  <testcase name="successfulLogOn" time="3.673" classname="tests.LogOnTest"/>
  <testcase name="@BeforeSuite startReport" time="0.0" classname="base.Base">
    <ignored/>
  </testcase> <!-- @BeforeSuite startReport -->
  <testcase name="@AfterSuite closeReport" time="0.0" classname="base.Base">
    <ignored/>
  </testcase> <!-- @AfterSuite closeReport -->
</testsuite> <!-- Test -->
