<?xml version="1.0" encoding="UTF-8"?>
<testng-results skipped="0" failed="0" ignored="0" total="1" passed="1">
  <reporter-output>
  </reporter-output>
  <suite name="Default suite" duration-ms="7366" started-at="2018-03-30T16:48:31Z" finished-at="2018-03-30T16:48:39Z">
    <groups>
    </groups>
    <test name="Default test" duration-ms="7366" started-at="2018-03-30T16:48:31Z" finished-at="2018-03-30T16:48:39Z">
      <class name="tests.LogOnTest">
        <test-method status="PASS" signature="startReport()[pri:0, instance:tests.LogOnTest@6dde5c8c]" name="startReport" is-config="true" duration-ms="138" started-at="2018-03-30T16:48:31Z" finished-at="2018-03-30T16:48:31Z">
          <reporter-output>
          </reporter-output>
        </test-method> <!-- startReport -->
        <test-method status="PASS" signature="initialise()[pri:0, instance:tests.LogOnTest@6dde5c8c]" name="initialise" is-config="true" duration-ms="3258" started-at="2018-03-30T16:48:31Z" finished-at="2018-03-30T16:48:34Z">
          <reporter-output>
          </reporter-output>
        </test-method> <!-- initialise -->
        <test-method status="PASS" signature="successfulLogOn()[pri:0, instance:tests.LogOnTest@6dde5c8c]" name="successfulLogOn" duration-ms="4092" started-at="2018-03-30T16:48:34Z" finished-at="2018-03-30T16:48:39Z">
          <reporter-output>
          </reporter-output>
        </test-method> <!-- successfulLogOn -->
        <test-method status="PASS" signature="getResult(org.testng.ITestResult)[pri:0, instance:tests.LogOnTest@6dde5c8c]" name="getResult" is-config="true" duration-ms="2" started-at="2018-03-30T16:48:39Z" finished-at="2018-03-30T16:48:39Z">
          <params>
            <param index="0">
              <value>
                <![CDATA[[TestResult name=successfulLogOn status=SUCCESS method=LogOnTest.successfulLogOn()[pri:0, instance:tests.LogOnTest@6dde5c8c] output={null}]]]>
              </value>
            </param>
          </params>
          <reporter-output>
          </reporter-output>
        </test-method> <!-- getResult -->
        <test-method status="PASS" signature="closeReport()[pri:0, instance:tests.LogOnTest@6dde5c8c]" name="closeReport" is-config="true" duration-ms="243" started-at="2018-03-30T16:48:39Z" finished-at="2018-03-30T16:48:39Z">
          <reporter-output>
          </reporter-output>
        </test-method> <!-- closeReport -->
      </class> <!-- tests.LogOnTest -->
    </test> <!-- Default test -->
  </suite> <!-- Default suite -->
</testng-results>
